<?xml version="1.0" encoding="UTF-8"?>
<!-- Generated by org.testng.reporters.JUnitXMLReporter -->
<testsuite hostname="DESKTOP-IA0DLJF" name="ExtentWithParallelClasses1" tests="2" failures="1" timestamp="5 May 2019 08:40:43 GMT" time="37.125" errors="0">
  <testcase name="TC1" time="7.2" classname="com.pulse.Test.ValidLogin1"/>
  <testcase name="TC2" time="12.562" classname="com.pulse.Test.ValidLogin1">
    <failure type="java.lang.AssertionError" message="expected [Facebook - log in or sign up] but found [Facebook – log in or sign up]">
      <![CDATA[java.lang.AssertionError: expected [Facebook - log in or sign up] but found [Facebook – log in or sign up]
	at com.pulse.Test.ValidLogin1.TC2(ValidLogin1.java:131)
	at java.util.concurrent.FutureTask.run(Unknown Source)
	at java.util.concurrent.ThreadPoolExecutor.runWorker(Unknown Source)
	at java.util.concurrent.ThreadPoolExecutor$Worker.run(Unknown Source)
	at java.lang.Thread.run(Unknown Source)
... Removed 21 stack frames]]>
    </failure>
  </testcase> <!-- TC2 -->
</testsuite> <!-- ExtentWithParallelClasses1 -->
