<?xml version="1.0" encoding="UTF-8"?>
<!-- Generated by org.testng.reporters.JUnitXMLReporter -->
<testsuite hostname="LAPTOP-76PGCCB3" ignored="0" name="TestChrome" tests="6" failures="1" timestamp="2019-12-05T10:55:14 IST" time="151.062" errors="0">
  <testcase name="TC2" time="13.675" classname="com.pulse.Test.ValidLogin1">
    <failure type="java.lang.AssertionError" message="expected [Au Register Forms by Colorlib] but found [Yahoo India | News, Finance, Cricket, Lifestyle and Entertainment]">
      <![CDATA[java.lang.AssertionError: expected [Au Register Forms by Colorlib] but found [Yahoo India | News, Finance, Cricket, Lifestyle and Entertainment]
at com.pulse.Test.ValidLogin1.TC2(ValidLogin1.java:374)
at java.util.ArrayList.forEach(Unknown Source)
at java.util.concurrent.FutureTask.run(Unknown Source)
at java.util.concurrent.ThreadPoolExecutor.runWorker(Unknown Source)
at java.util.concurrent.ThreadPoolExecutor$Worker.run(Unknown Source)
at java.lang.Thread.run(Unknown Source)
... Removed 23 stack frames]]>
    </failure>
  </testcase> <!-- TC2 -->
  <testcase name="TC1" time="15.555" classname="com.pulse.Test.ValidLogin1"/>
  <testcase name="TC1" time="15.705" classname="com.pulse.Test.ValidLogin1"/>
  <testcase name="TC1" time="16.73" classname="com.pulse.Test.ValidLogin1"/>
  <testcase name="TC1" time="15.307" classname="com.pulse.Test.ValidLogin1"/>
  <testcase name="TC1" time="16.343" classname="com.pulse.Test.ValidLogin1"/>
</testsuite> <!-- TestChrome -->
