<?xml version="1.0" encoding="UTF-8"?>
<!-- Generated by org.testng.reporters.JUnitXMLReporter -->
<testsuite hostname="DESKTOP-IA0DLJF" ignored="3" name="TestFirefox" tests="4" failures="0" timestamp="30 Jun 2019 14:27:20 GMT" time="513.177" errors="0">
  <testcase name="TC5" time="196.508" classname="test.java.com.pulse.Test.ValidLogin3"/>
  <testcase name="TC6" time="24.65" classname="test.java.com.pulse.Test.ValidLogin3"/>
  <testcase name="TC7" time="120.787" classname="test.java.com.pulse.Test.ValidLogin4"/>
  <testcase name="TC8" time="21.668" classname="test.java.com.pulse.Test.ValidLogin4"/>
  <testcase name="@AfterSuite testDown" time="0.0" classname="generic.BaseTest">
    <ignored/>
  </testcase> <!-- @AfterSuite testDown -->
  <testcase name="@BeforeSuite beforeSuite" time="0.0" classname="generic.BaseTest">
    <ignored/>
  </testcase> <!-- @BeforeSuite beforeSuite -->
  <testcase name="@BeforeTest beforeTest" time="0.0" classname="generic.BaseTest">
    <ignored/>
  </testcase> <!-- @BeforeTest beforeTest -->
</testsuite> <!-- TestFirefox -->
